<?xml version="1.0" encoding="UTF-8"?>
<!-- Generated by org.testng.reporters.JUnitXMLReporter -->
<testsuite hostname="sujaya" ignored="0" name="Test" tests="9" failures="0" timestamp="18 May 2020 12:25:21 GMT" time="0.342" errors="0">
  <testcase name="@BeforeSuite beforeSuite" time="3.0" classname="app.consumerApp.featureTest.AppLaunchSuiteTest">
    <failure type="org.openqa.selenium.WebDriverException" message="Connection refused: connect
Build info: version: &amp;apos;3.141.59&amp;apos;, revision: &amp;apos;e82be7d358&amp;apos;, time: &amp;apos;2018-11-14T08:17:03&amp;apos;
System info: host: &amp;apos;SUJAYA&amp;apos;, ip: &amp;apos;192.168.1.4&amp;apos;, os.name: &amp;apos;Windows 10&amp;apos;, os.arch: &amp;apos;amd64&amp;apos;, os.version: &amp;apos;10.0&amp;apos;, java.version: &amp;apos;1.8.0_241&amp;apos;
Driver info: driver.version: AndroidDriver">
      <![CDATA[org.openqa.selenium.WebDriverException: Connection refused: connect
Build info: version: '3.141.59', revision: 'e82be7d358', time: '2018-11-14T08:17:03'
System info: host: 'SUJAYA', ip: '192.168.1.4', os.name: 'Windows 10', os.arch: 'amd64', os.version: '10.0', java.version: '1.8.0_241'
Driver info: driver.version: AndroidDriver
at io.appium.java_client.remote.AppiumCommandExecutor.lambda$5(AppiumCommandExecutor.java:251)
at java.util.Optional.orElseGet(Unknown Source)
at io.appium.java_client.remote.AppiumCommandExecutor.execute(AppiumCommandExecutor.java:250)
at org.openqa.selenium.remote.RemoteWebDriver.execute(RemoteWebDriver.java:552)
at io.appium.java_client.DefaultGenericMobileDriver.execute(DefaultGenericMobileDriver.java:42)
at io.appium.java_client.AppiumDriver.execute(AppiumDriver.java:1)
at io.appium.java_client.android.AndroidDriver.execute(AndroidDriver.java:1)
at org.openqa.selenium.remote.RemoteWebDriver.startSession(RemoteWebDriver.java:213)
at org.openqa.selenium.remote.RemoteWebDriver.<init>(RemoteWebDriver.java:131)
at io.appium.java_client.DefaultGenericMobileDriver.<init>(DefaultGenericMobileDriver.java:38)
at io.appium.java_client.AppiumDriver.<init>(AppiumDriver.java:84)
at io.appium.java_client.AppiumDriver.<init>(AppiumDriver.java:94)
at io.appium.java_client.android.AndroidDriver.<init>(AndroidDriver.java:95)
at app.appium.GenericLibrary.DriverIgnit.appLaunch(DriverIgnit.java:35)
at app.consumerApp.featureTest.AppLaunchSuiteTest.beforeSuite(AppLaunchSuiteTest.java:17)
Caused by: java.net.ConnectException: Connection refused: connect
at java.net.DualStackPlainSocketImpl.waitForConnect(Native Method)
at java.net.DualStackPlainSocketImpl.socketConnect(Unknown Source)
at java.net.AbstractPlainSocketImpl.doConnect(Unknown Source)
at java.net.AbstractPlainSocketImpl.connectToAddress(Unknown Source)
at java.net.AbstractPlainSocketImpl.connect(Unknown Source)
at java.net.PlainSocketImpl.connect(Unknown Source)
at java.net.SocksSocketImpl.connect(Unknown Source)
at java.net.Socket.connect(Unknown Source)
at okhttp3.internal.platform.Platform.connectSocket(Platform.java:129)
at okhttp3.internal.connection.RealConnection.connectSocket(RealConnection.java:245)
at okhttp3.internal.connection.RealConnection.connect(RealConnection.java:165)
at okhttp3.internal.connection.StreamAllocation.findConnection(StreamAllocation.java:257)
at okhttp3.internal.connection.StreamAllocation.findHealthyConnection(StreamAllocation.java:135)
at okhttp3.internal.connection.StreamAllocation.newStream(StreamAllocation.java:114)
at okhttp3.internal.connection.ConnectInterceptor.intercept(ConnectInterceptor.java:42)
at okhttp3.internal.http.RealInterceptorChain.proceed(RealInterceptorChain.java:147)
at okhttp3.internal.http.RealInterceptorChain.proceed(RealInterceptorChain.java:121)
at okhttp3.internal.cache.CacheInterceptor.intercept(CacheInterceptor.java:93)
at okhttp3.internal.http.RealInterceptorChain.proceed(RealInterceptorChain.java:147)
at okhttp3.internal.http.RealInterceptorChain.proceed(RealInterceptorChain.java:121)
at okhttp3.internal.http.BridgeInterceptor.intercept(BridgeInterceptor.java:93)
at okhttp3.internal.http.RealInterceptorChain.proceed(RealInterceptorChain.java:147)
at okhttp3.internal.http.RetryAndFollowUpInterceptor.intercept(RetryAndFollowUpInterceptor.java:126)
at okhttp3.internal.http.RealInterceptorChain.proceed(RealInterceptorChain.java:147)
at okhttp3.internal.http.RealInterceptorChain.proceed(RealInterceptorChain.java:121)
at okhttp3.RealCall.getResponseWithInterceptorChain(RealCall.java:200)
at okhttp3.RealCall.execute(RealCall.java:77)
at org.openqa.selenium.remote.internal.OkHttpClient.execute(OkHttpClient.java:103)
at org.openqa.selenium.remote.ProtocolHandshake.createSession(ProtocolHandshake.java:105)
at io.appium.java_client.remote.AppiumCommandExecutor$1.createSession(AppiumCommandExecutor.java:186)
at io.appium.java_client.remote.AppiumCommandExecutor.createSession(AppiumCommandExecutor.java:217)
at io.appium.java_client.remote.AppiumCommandExecutor.execute(AppiumCommandExecutor.java:239)
... 32 more
... Removed 24 stack frames]]>
    </failure>
  </testcase> <!-- @BeforeSuite beforeSuite -->
  <testcase name="@BeforeTest beforeTest" time="0.0" classname="app.consumerApp.featureTest.AddProductFeatureTest">
    <skipped/>
  </testcase> <!-- @BeforeTest beforeTest -->
  <testcase name="@BeforeTest beforeTest" time="0.0" classname="app.consumerApp.featureTest.DocBoxFeatureTest">
    <skipped/>
  </testcase> <!-- @BeforeTest beforeTest -->
  <testcase name="@BeforeTest beforeTest" time="0.0" classname="app.consumerApp.featureTest.LoyaltyAfterAddProductFeatureTest">
    <skipped/>
  </testcase> <!-- @BeforeTest beforeTest -->
  <testcase name="@BeforeTest beforeTest" time="0.0" classname="app.consumerApp.featureTest.LoyaltyFeatureTest">
    <skipped/>
  </testcase> <!-- @BeforeTest beforeTest -->
  <testcase name="@BeforeTest beforeTest" time="0.0" classname="app.consumerApp.featureTest.ProfileFeatureTest">
    <skipped/>
  </testcase> <!-- @BeforeTest beforeTest -->
  <testcase name="@BeforeTest beforeTest" time="0.0" classname="app.consumerApp.featureTest.ServiceRequestFeatureTest">
    <skipped/>
  </testcase> <!-- @BeforeTest beforeTest -->
  <testcase name="@BeforeClass beforeTest" time="0.0" classname="app.consumerApp.featureTest.LoginFeatureTest">
    <skipped/>
  </testcase> <!-- @BeforeClass beforeTest -->
  <testcase name="@BeforeMethod setup_All_Variable" time="0.0" classname="app.consumerApp.featureTest.LoginFeatureTest">
    <skipped/>
  </testcase> <!-- @BeforeMethod setup_All_Variable -->
  <testcase name="@BeforeClass beforeClass" time="0.0" classname="app.consumerApp.featureTest.ProfileFeatureTest">
    <skipped/>
  </testcase> <!-- @BeforeClass beforeClass -->
  <testcase name="@BeforeMethod beforeMethod" time="0.0" classname="app.consumerApp.featureTest.ProfileFeatureTest">
    <skipped/>
  </testcase> <!-- @BeforeMethod beforeMethod -->
  <testcase name="@BeforeClass beforeClass" time="0.0" classname="app.consumerApp.featureTest.ServiceRequestFeatureTest">
    <skipped/>
  </testcase> <!-- @BeforeClass beforeClass -->
  <testcase name="@BeforeMethod beforeMethod" time="0.0" classname="app.consumerApp.featureTest.ServiceRequestFeatureTest">
    <skipped/>
  </testcase> <!-- @BeforeMethod beforeMethod -->
  <testcase name="@BeforeClass beforeClass" time="0.0" classname="app.consumerApp.featureTest.DocBoxFeatureTest">
    <skipped/>
  </testcase> <!-- @BeforeClass beforeClass -->
  <testcase name="@BeforeMethod beforeMethod" time="0.0" classname="app.consumerApp.featureTest.DocBoxFeatureTest">
    <skipped/>
  </testcase> <!-- @BeforeMethod beforeMethod -->
  <testcase name="@BeforeMethod Test_SetupVariables" time="0.0" classname="app.consumerApp.featureTest.LoyaltyFeatureTest">
    <skipped/>
  </testcase> <!-- @BeforeMethod Test_SetupVariables -->
  <testcase name="@BeforeMethod Test_SetupVariables" time="0.0" classname="app.consumerApp.featureTest.AddProductFeatureTest">
    <skipped/>
  </testcase> <!-- @BeforeMethod Test_SetupVariables -->
  <testcase name="@BeforeMethod Test_SetupVariables" time="0.0" classname="app.consumerApp.featureTest.LoyaltyAfterAddProductFeatureTest">
    <skipped/>
  </testcase> <!-- @BeforeMethod Test_SetupVariables -->
  <testcase name="@BeforeMethod setup_All_Variable" time="0.0" classname="app.consumerApp.featureTest.LoginFeatureTest">
    <skipped/>
  </testcase> <!-- @BeforeMethod setup_All_Variable -->
  <testcase name="@BeforeMethod beforeMethod" time="0.0" classname="app.consumerApp.featureTest.ProfileFeatureTest">
    <skipped/>
  </testcase> <!-- @BeforeMethod beforeMethod -->
  <testcase name="@AfterTest Test_After_Test" time="0.0" classname="app.consumerApp.featureTest.LoyaltyFeatureTest">
    <skipped/>
  </testcase> <!-- @AfterTest Test_After_Test -->
  <testcase name="check_signupPossitiveFlow" time="0.001" classname="app.consumerApp.featureTest.LoginFeatureTest">
    <skipped/>
  </testcase> <!-- check_signupPossitiveFlow -->
  <testcase name="Test_verify_UI" time="0.0" classname="app.consumerApp.featureTest.ProfileFeatureTest">
    <skipped/>
  </testcase> <!-- Test_verify_UI -->
  <testcase name="Test_verify_UI" time="0.0" classname="app.consumerApp.featureTest.ServiceRequestFeatureTest">
    <skipped/>
  </testcase> <!-- Test_verify_UI -->
  <testcase name="Test_verify_UI" time="0.0" classname="app.consumerApp.featureTest.DocBoxFeatureTest">
    <skipped/>
  </testcase> <!-- Test_verify_UI -->
  <testcase name="Test_Check_Referrer_LoyaltyBalance" time="0.0" classname="app.consumerApp.featureTest.LoyaltyFeatureTest">
    <skipped/>
  </testcase> <!-- Test_Check_Referrer_LoyaltyBalance -->
  <testcase name="Test_Verify_UI_And_Functionaity_For_AddProduct_Till_SupercategorySelection" time="0.0" classname="app.consumerApp.featureTest.AddProductFeatureTest">
    <skipped/>
  </testcase> <!-- Test_Verify_UI_And_Functionaity_For_AddProduct_Till_SupercategorySelection -->
  <testcase name="Test_Verify_UI_And_Functionalities_After_AddProduct" time="0.0" classname="app.consumerApp.featureTest.LoyaltyAfterAddProductFeatureTest">
    <skipped/>
  </testcase> <!-- Test_Verify_UI_And_Functionalities_After_AddProduct -->
  <testcase name="check_login_Password_Set" time="0.0" classname="app.consumerApp.featureTest.LoginFeatureTest">
    <skipped/>
  </testcase> <!-- check_login_Password_Set -->
  <testcase name="Test_Configure_Details" time="0.0" classname="app.consumerApp.featureTest.ProfileFeatureTest">
    <skipped/>
  </testcase> <!-- Test_Configure_Details -->
</testsuite> <!-- Test -->
