<?xml version="1.0" encoding="UTF-8"?>
<!-- Generated by org.testng.reporters.JUnitReportReporter -->
<testsuite skipped="4" hostname="sujaya" name="app.consumerApp.featureTest.NotesFeatureTest" tests="5" failures="0" timestamp="12 Aug 2020 06:24:29 GMT" time="10.570" errors="1">
  <testcase name="beforeClass" time="10.570" classname="app.consumerApp.featureTest.NotesFeatureTest">
    <error type="org.openqa.selenium.NoSuchElementException" message="An element could not be located on the page using the given search parameters.
For documentation on this error, please visit: https://www.seleniumhq.org/exceptions/no_such_element.html
Build info: version: &#039;3.141.59&#039;, revision: &#039;e82be7d358&#039;, time: &#039;2018-11-14T08:17:03&#039;
System info: host: &#039;SUJAYA&#039;, ip: &#039;192.168.1.105&#039;, os.name: &#039;Windows 10&#039;, os.arch: &#039;amd64&#039;, os.version: &#039;10.0&#039;, java.version: &#039;1.8.0_241&#039;
Driver info: io.appium.java_client.android.AndroidDriver
Capabilities {app: D:\SampleProject\consumerap..., appPackage: qa.com.nhance.b2c, automationName: UiAutomator2, databaseEnabled: false, desired: {app: D:\SampleProject\consumerap..., automationName: UiAutomator2, deviceName: Redmi 4A, noReset: false, platformName: android, platformVersion: 7.1.2, takesScreenshot: true, udid: 5da15a77d140}, deviceApiLevel: 25, deviceManufacturer: Xiaomi, deviceModel: Redmi 4A, deviceName: 5da15a77d140, deviceScreenDensity: 320, deviceScreenSize: 720x1280, deviceUDID: 5da15a77d140, javascriptEnabled: true, locationContextEnabled: false, networkConnectionEnabled: true, noReset: false, pixelRatio: 2, platform: LINUX, platformName: Android, platformVersion: 7.1.2, statBarHeight: 50, takesScreenshot: true, udid: 5da15a77d140, viewportRect: {height: 1230, left: 0, top: 50, width: 720}, warnings: {}, webStorageEnabled: false}
Session ID: b528e07f-6843-4942-9b15-5304d8fddce1
*** Element info: {Using=id, value=country_mobile_code_tv}">
      <![CDATA[org.openqa.selenium.NoSuchElementException: An element could not be located on the page using the given search parameters.
For documentation on this error, please visit: https://www.seleniumhq.org/exceptions/no_such_element.html
Build info: version: '3.141.59', revision: 'e82be7d358', time: '2018-11-14T08:17:03'
System info: host: 'SUJAYA', ip: '192.168.1.105', os.name: 'Windows 10', os.arch: 'amd64', os.version: '10.0', java.version: '1.8.0_241'
Driver info: io.appium.java_client.android.AndroidDriver
Capabilities {app: D:\SampleProject\consumerap..., appPackage: qa.com.nhance.b2c, automationName: UiAutomator2, databaseEnabled: false, desired: {app: D:\SampleProject\consumerap..., automationName: UiAutomator2, deviceName: Redmi 4A, noReset: false, platformName: android, platformVersion: 7.1.2, takesScreenshot: true, udid: 5da15a77d140}, deviceApiLevel: 25, deviceManufacturer: Xiaomi, deviceModel: Redmi 4A, deviceName: 5da15a77d140, deviceScreenDensity: 320, deviceScreenSize: 720x1280, deviceUDID: 5da15a77d140, javascriptEnabled: true, locationContextEnabled: false, networkConnectionEnabled: true, noReset: false, pixelRatio: 2, platform: LINUX, platformName: Android, platformVersion: 7.1.2, statBarHeight: 50, takesScreenshot: true, udid: 5da15a77d140, viewportRect: {height: 1230, left: 0, top: 50, width: 720}, warnings: {}, webStorageEnabled: false}
Session ID: b528e07f-6843-4942-9b15-5304d8fddce1
*** Element info: {Using=id, value=country_mobile_code_tv}
at sun.reflect.NativeConstructorAccessorImpl.newInstance0(Native Method)
at sun.reflect.NativeConstructorAccessorImpl.newInstance(Unknown Source)
at sun.reflect.DelegatingConstructorAccessorImpl.newInstance(Unknown Source)
at java.lang.reflect.Constructor.newInstance(Unknown Source)
at org.openqa.selenium.remote.http.W3CHttpResponseCodec.createException(W3CHttpResponseCodec.java:187)
at org.openqa.selenium.remote.http.W3CHttpResponseCodec.decode(W3CHttpResponseCodec.java:122)
at org.openqa.selenium.remote.http.W3CHttpResponseCodec.decode(W3CHttpResponseCodec.java:49)
at org.openqa.selenium.remote.HttpCommandExecutor.execute(HttpCommandExecutor.java:158)
at io.appium.java_client.remote.AppiumCommandExecutor.execute(AppiumCommandExecutor.java:239)
at org.openqa.selenium.remote.RemoteWebDriver.execute(RemoteWebDriver.java:552)
at io.appium.java_client.DefaultGenericMobileDriver.execute(DefaultGenericMobileDriver.java:42)
at io.appium.java_client.AppiumDriver.execute(AppiumDriver.java:1)
at io.appium.java_client.android.AndroidDriver.execute(AndroidDriver.java:1)
at org.openqa.selenium.remote.RemoteWebDriver.findElement(RemoteWebDriver.java:323)
at io.appium.java_client.DefaultGenericMobileDriver.findElement(DefaultGenericMobileDriver.java:62)
at io.appium.java_client.AppiumDriver.findElement(AppiumDriver.java:1)
at io.appium.java_client.android.AndroidDriver.findElement(AndroidDriver.java:1)
at org.openqa.selenium.remote.RemoteWebDriver.findElementById(RemoteWebDriver.java:372)
at io.appium.java_client.DefaultGenericMobileDriver.findElementById(DefaultGenericMobileDriver.java:70)
at io.appium.java_client.AppiumDriver.findElementById(AppiumDriver.java:1)
at io.appium.java_client.android.AndroidDriver.findElementById(AndroidDriver.java:1)
at org.openqa.selenium.By$ById.findElement(By.java:188)
at org.openqa.selenium.remote.RemoteWebDriver.findElement(RemoteWebDriver.java:315)
at io.appium.java_client.DefaultGenericMobileDriver.findElement(DefaultGenericMobileDriver.java:58)
at io.appium.java_client.AppiumDriver.findElement(AppiumDriver.java:1)
at io.appium.java_client.android.AndroidDriver.findElement(AndroidDriver.java:1)
at org.openqa.selenium.support.pagefactory.DefaultElementLocator.findElement(DefaultElementLocator.java:69)
at org.openqa.selenium.support.pagefactory.internal.LocatingElementHandler.invoke(LocatingElementHandler.java:38)
at com.sun.proxy.$Proxy10.click(Unknown Source)
at app.appium.PageFactory.LoginPage.click_On_CountryCode(LoginPage.java:326)
at app.appium.BusinessLibrary.BusinessClass.select_for_countryCode(BusinessClass.java:35)
at app.appium.GenericLibrary.AppGenericLibrary.login_Functionality(AppGenericLibrary.java:42)
at app.consumerApp.featureTest.NotesFeatureTest.beforeClass(NotesFeatureTest.java:35)
at sun.reflect.NativeMethodAccessorImpl.invoke0(Native Method)
at sun.reflect.NativeMethodAccessorImpl.invoke(Unknown Source)
at sun.reflect.DelegatingMethodAccessorImpl.invoke(Unknown Source)
at java.lang.reflect.Method.invoke(Unknown Source)
at org.testng.internal.MethodInvocationHelper.invokeMethod(MethodInvocationHelper.java:124)
at org.testng.internal.MethodInvocationHelper.invokeMethodConsideringTimeout(MethodInvocationHelper.java:59)
at org.testng.internal.Invoker.invokeConfigurationMethod(Invoker.java:458)
at org.testng.internal.Invoker.invokeConfigurations(Invoker.java:222)
at org.testng.internal.Invoker.invokeConfigurations(Invoker.java:142)
at org.testng.internal.TestMethodWorker.invokeBeforeClassMethods(TestMethodWorker.java:168)
at org.testng.internal.TestMethodWorker.run(TestMethodWorker.java:105)
at org.testng.TestRunner.privateRun(TestRunner.java:648)
at org.testng.TestRunner.run(TestRunner.java:505)
at org.testng.SuiteRunner.runTest(SuiteRunner.java:455)
at org.testng.SuiteRunner.runSequentially(SuiteRunner.java:450)
at org.testng.SuiteRunner.privateRun(SuiteRunner.java:415)
at org.testng.SuiteRunner.run(SuiteRunner.java:364)
at org.testng.SuiteRunnerWorker.runSuite(SuiteRunnerWorker.java:52)
at org.testng.SuiteRunnerWorker.run(SuiteRunnerWorker.java:84)
at org.testng.TestNG.runSuitesSequentially(TestNG.java:1208)
at org.testng.TestNG.runSuitesLocally(TestNG.java:1137)
at org.testng.TestNG.runSuites(TestNG.java:1049)
at org.testng.TestNG.run(TestNG.java:1017)
at org.testng.remote.AbstractRemoteTestNG.run(AbstractRemoteTestNG.java:114)
at org.testng.remote.RemoteTestNG.initAndRun(RemoteTestNG.java:251)
at org.testng.remote.RemoteTestNG.main(RemoteTestNG.java:77)
]]>
    </error>
  </testcase> <!-- beforeClass -->
  <testcase name="Test_Verify_Notes_UI" time="0.000" classname="app.consumerApp.featureTest.NotesFeatureTest">
    <skipped/>
  </testcase> <!-- Test_Verify_Notes_UI -->
  <testcase name="Test_Verify_AddNotes_Functionality" time="0.000" classname="app.consumerApp.featureTest.NotesFeatureTest">
    <skipped/>
  </testcase> <!-- Test_Verify_AddNotes_Functionality -->
  <testcase name="Test_Verify_Functionality_AfterAddingNotes" time="0.000" classname="app.consumerApp.featureTest.NotesFeatureTest">
    <skipped/>
  </testcase> <!-- Test_Verify_Functionality_AfterAddingNotes -->
  <testcase name="Test_Verify_NotesFunctionality_In_ProductDetails" time="0.000" classname="app.consumerApp.featureTest.NotesFeatureTest">
    <skipped/>
  </testcase> <!-- Test_Verify_NotesFunctionality_In_ProductDetails -->
</testsuite> <!-- app.consumerApp.featureTest.NotesFeatureTest -->
